2025-04-14 20:56:28,455 - __main__ - INFO - Log file created at: /Users/onset/.shotpipe/logs/shotpipe_20250414_205628.log
2025-04-14 20:56:28,455 - __main__ - INFO - Starting ShotPipe on Darwin 24.2.0
2025-04-14 20:56:28,455 - __main__ - INFO - Python version: 3.12.8
2025-04-14 20:56:28,456 - __main__ - INFO - Checking dependencies...
2025-04-14 20:56:28,520 - __main__ - INFO - ExifTool found: version 13.25
2025-04-14 20:56:28,523 - __main__ - INFO - PyQt5 found: module path: /Users/onset/.pyenv/versions/3.12.8/lib/python3.12/site-packages/PyQt5/__init__.py
2025-04-14 20:56:28,523 - __main__ - INFO - PyQt5 dir: ['__builtins__', '__cached__', '__doc__', '__file__', '__loader__', '__name__', '__package__', '__path__', '__spec__']
2025-04-14 20:56:28,536 - __main__ - INFO - PyQt5.QtCore found: version 5.15.14
2025-04-14 20:56:28,551 - __main__ - WARNING - Shotgun API not found. Shotgrid integration will be disabled.
2025-04-14 20:56:28,622 - shotpipe.shotgrid.sg_compat - INFO - six module is available
2025-04-14 20:56:28,622 - shotpipe.shotgrid.sg_compat - INFO - Patched shotgun_api3.lib.six.moves
2025-04-14 20:56:28,622 - shotpipe.shotgrid.sg_compat - INFO - Added PY38 attribute to six module
2025-04-14 20:56:28,635 - shotpipe.shotgrid.sg_compat - INFO - Patched shotgun_api3.lib.six.moves.xmlrpc_client
2025-04-14 20:56:28,635 - shotpipe.shotgrid.sg_compat - INFO - Patched shotgun_api3.lib.six.moves.http_client
2025-04-14 20:56:28,637 - shotpipe.shotgrid.sg_compat - INFO - Patched shotgun_api3.lib.six.moves.urllib modules
2025-04-14 20:56:28,662 - shotpipe.shotgrid.api_connector - INFO - Successfully imported shotgun_api3 version: 3.8.2
2025-04-14 20:56:28,662 - shotpipe.shotgrid.api_connector - INFO - Shotgrid credentials found in .env file: https://lennon.shotgunstudio.com
2025-04-14 20:56:28,663 - __main__ - INFO - Starting ShotPipe application...
2025-04-14 20:56:28,829 - shotpipe.shotgrid.api_connector - INFO - Connecting with server_url: https://lennon.shotgunstudio.com, script_name: AX_shotPipe
2025-04-14 20:56:29,851 - shotpipe.shotgrid.api_connector - INFO - Connected to Shotgrid server: https://lennon.shotgunstudio.com
2025-04-14 20:56:29,857 - shotpipe.ui.main_window - CRITICAL - Error initializing UI: name 'UploadHistoryManager' is not defined
Traceback (most recent call last):
  File "/Users/onset/AX_pipe/ShotPipe/shotpipe/ui/main_window.py", line 118, in _init_ui
    self.shotgrid_tab = ShotgridTab()
                        ^^^^^^^^^^^^^
  File "/Users/onset/AX_pipe/ShotPipe/shotpipe/ui/shotgrid_tab.py", line 78, in __init__
    self._init_ui()
  File "/Users/onset/AX_pipe/ShotPipe/shotpipe/ui/shotgrid_tab.py", line 196, in _init_ui
    self.history_manager = UploadHistoryManager()
                           ^^^^^^^^^^^^^^^^^^^^
NameError: name 'UploadHistoryManager' is not defined
2025-04-14 20:56:30.068 python[70466:33113438] +[IMKClient subclass]: chose IMKClient_Modern
2025-04-14 20:56:30.068 python[70466:33113438] +[IMKInputSession subclass]: chose IMKInputSession_Modern
