2025-04-14 20:27:03,454 - __main__ - INFO - Log file created at: /Users/onset/.shotpipe/logs/shotpipe_20250414_202703.log
2025-04-14 20:27:03,454 - __main__ - INFO - Starting ShotPipe on Darwin 24.2.0
2025-04-14 20:27:03,454 - __main__ - INFO - Python version: 3.12.8
2025-04-14 20:27:03,454 - __main__ - INFO - Checking dependencies...
2025-04-14 20:27:03,518 - __main__ - INFO - ExifTool found: version 13.25
2025-04-14 20:27:03,521 - __main__ - INFO - PyQt5 found: module path: /Users/onset/.pyenv/versions/3.12.8/lib/python3.12/site-packages/PyQt5/__init__.py
2025-04-14 20:27:03,521 - __main__ - INFO - PyQt5 dir: ['__builtins__', '__cached__', '__doc__', '__file__', '__loader__', '__name__', '__package__', '__path__', '__spec__']
2025-04-14 20:27:03,544 - __main__ - INFO - PyQt5.QtCore found: version 5.15.14
2025-04-14 20:27:03,557 - __main__ - WARNING - Shotgun API not found. Shotgrid integration will be disabled.
2025-04-14 20:27:03,638 - shotpipe.shotgrid.sg_compat - INFO - six module is available
2025-04-14 20:27:03,638 - shotpipe.shotgrid.sg_compat - INFO - Patched shotgun_api3.lib.six.moves
2025-04-14 20:27:03,638 - shotpipe.shotgrid.sg_compat - INFO - Added PY38 attribute to six module
2025-04-14 20:27:03,651 - shotpipe.shotgrid.sg_compat - INFO - Patched shotgun_api3.lib.six.moves.xmlrpc_client
2025-04-14 20:27:03,651 - shotpipe.shotgrid.sg_compat - INFO - Patched shotgun_api3.lib.six.moves.http_client
2025-04-14 20:27:03,653 - shotpipe.shotgrid.sg_compat - INFO - Patched shotgun_api3.lib.six.moves.urllib modules
2025-04-14 20:27:03,675 - shotpipe.shotgrid.api_connector - INFO - Successfully imported shotgun_api3 version: 3.8.2
2025-04-14 20:27:03,675 - shotpipe.shotgrid.api_connector - INFO - Shotgrid credentials found in .env file: https://lennon.shotgunstudio.com
2025-04-14 20:27:03,678 - __main__ - INFO - Starting ShotPipe application...
2025-04-14 20:27:03,964 - shotpipe.shotgrid.api_connector - INFO - Connecting with server_url: https://lennon.shotgunstudio.com, script_name: AX_shotPipe
2025-04-14 20:27:04,980 - shotpipe.shotgrid.api_connector - INFO - Connected to Shotgrid server: https://lennon.shotgunstudio.com
qt.qpa.fonts: Populating font family aliases took 152 ms. Replace uses of missing font family "Courier" with one that exists to avoid this cost. 
2025-04-14 20:27:05.424 python[68675:33083838] +[IMKClient subclass]: chose IMKClient_Modern
2025-04-14 20:27:05.424 python[68675:33083838] +[IMKInputSession subclass]: chose IMKInputSession_Modern
2025-04-14 20:32:20,994 - shotpipe.ui.file_tab - INFO - Scanning files in /Users/onset/stock_business/ShotPipe/LIG
2025-04-14 20:32:20,997 - shotpipe.file_processor.scanner - INFO - Scanning directory: /Users/onset/stock_business/ShotPipe/LIG
2025-04-14 20:32:20,998 - shotpipe.file_processor.scanner - DEBUG - Checking if file is processed: /Users/onset/stock_business/ShotPipe/LIG/Professional_Mode_Countless_raindrops_pouring_onto (1).mp4
2025-04-14 20:32:20,999 - shotpipe.file_processor.scanner - DEBUG - File not detected as processed: /Users/onset/stock_business/ShotPipe/LIG/Professional_Mode_Countless_raindrops_pouring_onto (1).mp4
2025-04-14 20:32:20,999 - shotpipe.file_processor.scanner - DEBUG - Checking if file is processed: /Users/onset/stock_business/ShotPipe/LIG/u7166812697_Interior_of_Genesis_GV80_close-up_of_accelerator__a7bfe211-fea2-41bf-8da8-8ee538b6ee37_1.png
2025-04-14 20:32:21,000 - shotpipe.file_processor.scanner - DEBUG - File not detected as processed: /Users/onset/stock_business/ShotPipe/LIG/u7166812697_Interior_of_Genesis_GV80_close-up_of_accelerator__a7bfe211-fea2-41bf-8da8-8ee538b6ee37_1.png
2025-04-14 20:32:21,001 - shotpipe.file_processor.scanner - DEBUG - Checking if file is processed: /Users/onset/stock_business/ShotPipe/LIG/Professional_Mode_Countless_raindrops_pouring_onto (4).mp4
2025-04-14 20:32:21,001 - shotpipe.file_processor.scanner - DEBUG - File not detected as processed: /Users/onset/stock_business/ShotPipe/LIG/Professional_Mode_Countless_raindrops_pouring_onto (4).mp4
2025-04-14 20:32:21,001 - shotpipe.file_processor.scanner - DEBUG - Checking if file is processed: /Users/onset/stock_business/ShotPipe/LIG/IMG_Top_02.png
2025-04-14 20:32:21,002 - shotpipe.file_processor.scanner - DEBUG - File not detected as processed: /Users/onset/stock_business/ShotPipe/LIG/IMG_Top_02.png
2025-04-14 20:32:21,002 - shotpipe.file_processor.scanner - INFO - Found 4 media files in /Users/onset/stock_business/ShotPipe/LIG
2025-04-14 20:32:21,003 - shotpipe.ui.file_tab - INFO - Extracting sequences from file names
2025-04-14 20:32:21,004 - shotpipe.ui.file_tab - INFO - Found 2 sequences
2025-04-14 20:32:21,004 - shotpipe.ui.file_tab - DEBUG - Sequences found: ['MP4', 'U7166812697']
2025-04-14 20:32:21,004 - shotpipe.ui.file_tab - INFO - Found 4 files
2025-04-14 20:32:26,248 - shotpipe.file_processor.metadata - INFO - Using ExifTool from: /opt/homebrew/bin/exiftool
2025-04-14 20:32:26,251 - shotpipe.file_processor.metadata - INFO - ExifTool initialized successfully using ExifToolHelper
2025-04-14 20:32:26,252 - shotpipe.file_processor.metadata - WARNING - Could not initialize ExifToolHelper: 'ExifToolHelper' object has no attribute 'get_version'
2025-04-14 20:32:26,252 - shotpipe.file_processor.metadata - WARNING - Could not initialize any ExifTool interface
2025-04-14 20:32:26,253 - shotpipe.ui.file_tab - INFO - Creating processing thread with 4 files
2025-04-14 20:32:26,253 - shotpipe.ui.file_tab - INFO - Selected sequence: None
2025-04-14 20:32:26,253 - shotpipe.ui.file_tab - INFO - Output directory: /Users/onset/stock_business/ShotPipe/LIG/processed
2025-04-14 20:32:26,253 - shotpipe.ui.file_tab - INFO - Number of sequences in dictionary: 2
2025-04-14 20:32:26,254 - shotpipe.file_processor.processor - INFO - Processing thread initialized with 4 files
2025-04-14 20:32:26,254 - shotpipe.file_processor.processor - INFO - Output directory set to: /Users/onset/stock_business/ShotPipe/LIG/processed
2025-04-14 20:32:26,256 - shotpipe.ui.file_tab - INFO - Starting file processing
2025-04-14 20:32:26,256 - shotpipe.file_processor.processor - INFO - Starting file processing
QObject::connect: Cannot queue arguments of type 'QTextCursor'
(Make sure 'QTextCursor' is registered using qRegisterMetaType().)
2025-04-14 20:32:26,257 - shotpipe.file_processor.processor - INFO - Processing file: Professional_Mode_Countless_raindrops_pouring_onto (1).mp4
2025-04-14 20:32:26,258 - shotpipe.file_processor.processor - INFO - Processing file: /Users/onset/stock_business/ShotPipe/LIG/Professional_Mode_Countless_raindrops_pouring_onto (1).mp4
2025-04-14 20:32:26,258 - shotpipe.file_processor.metadata - DEBUG - Extracting metadata from: /Users/onset/stock_business/ShotPipe/LIG/Professional_Mode_Countless_raindrops_pouring_onto (1).mp4
2025-04-14 20:32:26,565 - shotpipe.file_processor.metadata - DEBUG - FFMPEG metadata extracted for /Users/onset/stock_business/ShotPipe/LIG/Professional_Mode_Countless_raindrops_pouring_onto (1).mp4
2025-04-14 20:32:26,567 - shotpipe.file_processor.naming - DEBUG - Next version for s01_c001_imgToVideo: v0001
2025-04-14 20:32:26,567 - shotpipe.file_processor.naming - INFO - Applied naming convention: Professional_Mode_Countless_raindrops_pouring_onto (1).mp4 -> s01_c001_imgToVideo_v0001.mp4
2025-04-14 20:32:26,574 - shotpipe.file_processor.processor - INFO - Copied and renamed file to: /Users/onset/stock_business/ShotPipe/LIG/processed/s01/c001/s01_c001_imgToVideo_v0001.mp4
2025-04-14 20:32:26,574 - shotpipe.file_processor.processor - INFO - 파일 리네이밍: ../stock_business/ShotPipe/LIG/Professional_Mode_Countless_raindrops_pouring_onto (1).mp4 -> ../stock_business/ShotPipe/LIG/processed/s01/c001/s01_c001_imgToVideo_v0001.mp4
2025-04-14 20:32:26,575 - shotpipe.file_processor.metadata - DEBUG - Metadata saved to: /Users/onset/stock_business/ShotPipe/LIG/processed/s01/c001/s01_c001_imgToVideo_v0001.metadata.json
2025-04-14 20:32:26,576 - shotpipe.file_processor.processor - INFO - Metadata saved to /Users/onset/stock_business/ShotPipe/LIG/processed/s01/c001/s01_c001_imgToVideo_v0001.metadata.json
2025-04-14 20:32:26,580 - shotpipe.file_processor.processor - DEBUG - Processing completed for Professional_Mode_Countless_raindrops_pouring_onto (1).mp4: {'file_name': 'Professional_Mode_Countless_raindrops_pouring_onto (1).mp4', 'file_path': '/Users/onset/stock_business/ShotPipe/LIG/Professional_Mode_Countless_raindrops_pouring_onto (1).mp4', 'success': True, 'message': '처리 완료', 'sequence': 's01', 'shot': 'c001', 'metadata': {'file_path': '/Users/onset/stock_business/ShotPipe/LIG/Professional_Mode_Countless_raindrops_pouring_onto (1).mp4', 'file_name': 'Professional_Mode_Countless_raindrops_pouring_onto (1).mp4', 'file_extension': '.mp4', 'file_size': 16557845, 'modified_time': 1744254482.2487512, 'creation_time': 1744343960.7480187, 'file_type': 'video', 'ffmpeg': {'streams': [{'index': 0, 'codec_name': 'h264', 'codec_long_name': 'H.264 / AVC / MPEG-4 AVC / MPEG-4 part 10', 'profile': 'Main', 'codec_type': 'video', 'codec_tag_string': 'avc1', 'codec_tag': '0x31637661', 'width': 2016, 'height': 992, 'coded_width': 2016, 'coded_height': 992, 'closed_captions': 0, 'film_grain': 0, 'has_b_frames': 0, 'pix_fmt': 'yuv420p', 'level': 50, 'chroma_location': 'left', 'field_order': 'progressive', 'refs': 1, 'is_avc': 'true', 'nal_length_size': '4', 'id': '0x1', 'r_frame_rate': '30/1', 'avg_frame_rate': '30/1', 'time_base': '1/15360', 'start_pts': 0, 'start_time': '0.000000', 'duration_ts': 78336, 'duration': '5.100000', 'bit_rate': '25970511', 'bits_per_raw_sample': '8', 'nb_frames': '153', 'extradata_size': 39, 'disposition': {'default': 1, 'dub': 0, 'original': 0, 'comment': 0, 'lyrics': 0, 'karaoke': 0, 'forced': 0, 'hearing_impaired': 0, 'visual_impaired': 0, 'clean_effects': 0, 'attached_pic': 0, 'timed_thumbnails': 0, 'non_diegetic': 0, 'captions': 0, 'descriptions': 0, 'metadata': 0, 'dependent': 0, 'still_image': 0, 'multilayer': 0}, 'tags': {'language': 'und', 'handler_name': 'VideoHandler', 'vendor_id': '[0][0][0][0]', 'encoder': 'Lavc60.31.102 h264_slapi'}}], 'format': {'filename': '/Users/onset/stock_business/ShotPipe/LIG/Professional_Mode_Countless_raindrops_pouring_onto (1).mp4', 'nb_streams': 1, 'nb_programs': 0, 'nb_stream_groups': 0, 'format_name': 'mov,mp4,m4a,3gp,3g2,mj2', 'format_long_name': 'QuickTime / MOV', 'start_time': '0.000000', 'duration': '5.100000', 'size': '16557845', 'bit_rate': '25973090', 'probe_score': 100, 'tags': {'major_brand': 'isom', 'minor_version': '512', 'compatible_brands': 'isomiso2avc1mp41', 'encoder': 'Lavf60.16.100'}}}, 'width': 2016, 'height': 992, 'codec': 'h264', 'frame_rate': 30.0, 'duration': '5.100000', 'video_stream': {'index': 0, 'codec_name': 'h264', 'codec_long_name': 'H.264 / AVC / MPEG-4 AVC / MPEG-4 part 10', 'profile': 'Main', 'codec_type': 'video', 'codec_tag_string': 'avc1', 'codec_tag': '0x31637661', 'width': 2016, 'height': 992, 'coded_width': 2016, 'coded_height': 992, 'closed_captions': 0, 'film_grain': 0, 'has_b_frames': 0, 'pix_fmt': 'yuv420p', 'level': 50, 'chroma_location': 'left', 'field_order': 'progressive', 'refs': 1, 'is_avc': 'true', 'nal_length_size': '4', 'id': '0x1', 'r_frame_rate': '30/1', 'avg_frame_rate': '30/1', 'time_base': '1/15360', 'start_pts': 0, 'start_time': '0.000000', 'duration_ts': 78336, 'duration': '5.100000', 'bit_rate': '25970511', 'bits_per_raw_sample': '8', 'nb_frames': '153', 'extradata_size': 39, 'disposition': {'default': 1, 'dub': 0, 'original': 0, 'comment': 0, 'lyrics': 0, 'karaoke': 0, 'forced': 0, 'hearing_impaired': 0, 'visual_impaired': 0, 'clean_effects': 0, 'attached_pic': 0, 'timed_thumbnails': 0, 'non_diegetic': 0, 'captions': 0, 'descriptions': 0, 'metadata': 0, 'dependent': 0, 'still_image': 0, 'multilayer': 0}, 'tags': {'language': 'und', 'handler_name': 'VideoHandler', 'vendor_id': '[0][0][0][0]', 'encoder': 'Lavc60.31.102 h264_slapi'}}, 'sequence': 'MP4', 'shot': 'c001', 'task': 'imgToVideo'}, 'output_path': '/Users/onset/stock_business/ShotPipe/LIG/processed/s01/c001/s01_c001_imgToVideo_v0001.mp4', 'metadata_path': '/Users/onset/stock_business/ShotPipe/LIG/processed/s01/c001/s01_c001_imgToVideo_v0001.metadata.json', 'task': 'imgToVideo', 'version': 'v0001'}
2025-04-14 20:32:26,582 - shotpipe.file_processor.processor - INFO - Processing file: u7166812697_Interior_of_Genesis_GV80_close-up_of_accelerator__a7bfe211-fea2-41bf-8da8-8ee538b6ee37_1.png
2025-04-14 20:32:26,583 - shotpipe.file_processor.processor - INFO - Processing file: /Users/onset/stock_business/ShotPipe/LIG/u7166812697_Interior_of_Genesis_GV80_close-up_of_accelerator__a7bfe211-fea2-41bf-8da8-8ee538b6ee37_1.png
2025-04-14 20:32:26,583 - shotpipe.file_processor.metadata - DEBUG - Extracting metadata from: /Users/onset/stock_business/ShotPipe/LIG/u7166812697_Interior_of_Genesis_GV80_close-up_of_accelerator__a7bfe211-fea2-41bf-8da8-8ee538b6ee37_1.png
2025-04-14 20:32:26,617 - PIL.PngImagePlugin - DEBUG - STREAM b'IHDR' 16 13
2025-04-14 20:32:26,617 - PIL.PngImagePlugin - DEBUG - STREAM b'tEXt' 41 43
2025-04-14 20:32:26,617 - PIL.PngImagePlugin - DEBUG - STREAM b'tEXt' 96 18
2025-04-14 20:32:26,617 - PIL.PngImagePlugin - DEBUG - STREAM b'tEXt' 126 536
2025-04-14 20:32:26,618 - PIL.PngImagePlugin - DEBUG - STREAM b'iTXt' 674 2566
2025-04-14 20:32:26,618 - PIL.PngImagePlugin - DEBUG - STREAM b'IDAT' 3252 65536
2025-04-14 20:32:26,657 - shotpipe.file_processor.metadata - DEBUG - PIL metadata extracted for /Users/onset/stock_business/ShotPipe/LIG/u7166812697_Interior_of_Genesis_GV80_close-up_of_accelerator__a7bfe211-fea2-41bf-8da8-8ee538b6ee37_1.png
2025-04-14 20:32:26,657 - shotpipe.file_processor.naming - DEBUG - Next version for s01_c001_txtToImage: v0001
2025-04-14 20:32:26,658 - shotpipe.file_processor.naming - INFO - Applied naming convention: u7166812697_Interior_of_Genesis_GV80_close-up_of_accelerator__a7bfe211-fea2-41bf-8da8-8ee538b6ee37_1.png -> s01_c001_txtToImage_v0001.png
2025-04-14 20:32:26,659 - shotpipe.file_processor.processor - INFO - Copied and renamed file to: /Users/onset/stock_business/ShotPipe/LIG/processed/s01/c001/s01_c001_txtToImage_v0001.png
2025-04-14 20:32:26,659 - shotpipe.file_processor.processor - INFO - 파일 리네이밍: ../stock_business/ShotPipe/LIG/u7166812697_Interior_of_Genesis_GV80_close-up_of_accelerator__a7bfe211-fea2-41bf-8da8-8ee538b6ee37_1.png -> ../stock_business/ShotPipe/LIG/processed/s01/c001/s01_c001_txtToImage_v0001.png
2025-04-14 20:32:26,659 - shotpipe.file_processor.metadata - DEBUG - Metadata saved to: /Users/onset/stock_business/ShotPipe/LIG/processed/s01/c001/s01_c001_txtToImage_v0001.metadata.json
2025-04-14 20:32:26,660 - shotpipe.file_processor.processor - INFO - Metadata saved to /Users/onset/stock_business/ShotPipe/LIG/processed/s01/c001/s01_c001_txtToImage_v0001.metadata.json
2025-04-14 20:32:26,660 - shotpipe.file_processor.processor - DEBUG - Processing completed for u7166812697_Interior_of_Genesis_GV80_close-up_of_accelerator__a7bfe211-fea2-41bf-8da8-8ee538b6ee37_1.png: {'file_name': 'u7166812697_Interior_of_Genesis_GV80_close-up_of_accelerator__a7bfe211-fea2-41bf-8da8-8ee538b6ee37_1.png', 'file_path': '/Users/onset/stock_business/ShotPipe/LIG/u7166812697_Interior_of_Genesis_GV80_close-up_of_accelerator__a7bfe211-fea2-41bf-8da8-8ee538b6ee37_1.png', 'success': True, 'message': '처리 완료', 'sequence': 's01', 'shot': 'c001', 'metadata': {'file_path': '/Users/onset/stock_business/ShotPipe/LIG/u7166812697_Interior_of_Genesis_GV80_close-up_of_accelerator__a7bfe211-fea2-41bf-8da8-8ee538b6ee37_1.png', 'file_name': 'u7166812697_Interior_of_Genesis_GV80_close-up_of_accelerator__a7bfe211-fea2-41bf-8da8-8ee538b6ee37_1.png', 'file_extension': '.png', 'file_size': 1505644, 'modified_time': 1744344115.1396863, 'creation_time': 1744344126.044897, 'file_type': 'image', 'width': 1536, 'height': 768, 'format': 'PNG', 'mode': 'RGB', 'sequence': 'U7166812697', 'shot': 'c001', 'task': 'txtToImage'}, 'output_path': '/Users/onset/stock_business/ShotPipe/LIG/processed/s01/c001/s01_c001_txtToImage_v0001.png', 'metadata_path': '/Users/onset/stock_business/ShotPipe/LIG/processed/s01/c001/s01_c001_txtToImage_v0001.metadata.json', 'task': 'txtToImage', 'version': 'v0001'}
2025-04-14 20:32:26,660 - shotpipe.file_processor.processor - INFO - Processing file: Professional_Mode_Countless_raindrops_pouring_onto (4).mp4
2025-04-14 20:32:26,661 - shotpipe.file_processor.processor - INFO - Processing file: /Users/onset/stock_business/ShotPipe/LIG/Professional_Mode_Countless_raindrops_pouring_onto (4).mp4
2025-04-14 20:32:26,661 - shotpipe.file_processor.metadata - DEBUG - Extracting metadata from: /Users/onset/stock_business/ShotPipe/LIG/Professional_Mode_Countless_raindrops_pouring_onto (4).mp4
2025-04-14 20:32:26,753 - shotpipe.file_processor.metadata - DEBUG - FFMPEG metadata extracted for /Users/onset/stock_business/ShotPipe/LIG/Professional_Mode_Countless_raindrops_pouring_onto (4).mp4
2025-04-14 20:32:26,754 - shotpipe.file_processor.naming - DEBUG - Next version for s01_c001_imgToVideo: v0002
2025-04-14 20:32:26,754 - shotpipe.file_processor.naming - INFO - Applied naming convention: Professional_Mode_Countless_raindrops_pouring_onto (4).mp4 -> s01_c001_imgToVideo_v0002.mp4
2025-04-14 20:32:26,761 - shotpipe.file_processor.processor - INFO - Copied and renamed file to: /Users/onset/stock_business/ShotPipe/LIG/processed/s01/c001/s01_c001_imgToVideo_v0002.mp4
2025-04-14 20:32:26,761 - shotpipe.file_processor.processor - INFO - 파일 리네이밍: ../stock_business/ShotPipe/LIG/Professional_Mode_Countless_raindrops_pouring_onto (4).mp4 -> ../stock_business/ShotPipe/LIG/processed/s01/c001/s01_c001_imgToVideo_v0002.mp4
2025-04-14 20:32:26,762 - shotpipe.file_processor.metadata - DEBUG - Metadata saved to: /Users/onset/stock_business/ShotPipe/LIG/processed/s01/c001/s01_c001_imgToVideo_v0002.metadata.json
2025-04-14 20:32:26,762 - shotpipe.file_processor.processor - INFO - Metadata saved to /Users/onset/stock_business/ShotPipe/LIG/processed/s01/c001/s01_c001_imgToVideo_v0002.metadata.json
2025-04-14 20:32:26,763 - shotpipe.file_processor.processor - DEBUG - Processing completed for Professional_Mode_Countless_raindrops_pouring_onto (4).mp4: {'file_name': 'Professional_Mode_Countless_raindrops_pouring_onto (4).mp4', 'file_path': '/Users/onset/stock_business/ShotPipe/LIG/Professional_Mode_Countless_raindrops_pouring_onto (4).mp4', 'success': True, 'message': '처리 완료', 'sequence': 's01', 'shot': 'c001', 'metadata': {'file_path': '/Users/onset/stock_business/ShotPipe/LIG/Professional_Mode_Countless_raindrops_pouring_onto (4).mp4', 'file_name': 'Professional_Mode_Countless_raindrops_pouring_onto (4).mp4', 'file_extension': '.mp4', 'file_size': 16557845, 'modified_time': 1744255983.7054193, 'creation_time': 1744343960.7519183, 'file_type': 'video', 'ffmpeg': {'streams': [{'index': 0, 'codec_name': 'h264', 'codec_long_name': 'H.264 / AVC / MPEG-4 AVC / MPEG-4 part 10', 'profile': 'Main', 'codec_type': 'video', 'codec_tag_string': 'avc1', 'codec_tag': '0x31637661', 'width': 2016, 'height': 992, 'coded_width': 2016, 'coded_height': 992, 'closed_captions': 0, 'film_grain': 0, 'has_b_frames': 0, 'pix_fmt': 'yuv420p', 'level': 50, 'chroma_location': 'left', 'field_order': 'progressive', 'refs': 1, 'is_avc': 'true', 'nal_length_size': '4', 'id': '0x1', 'r_frame_rate': '30/1', 'avg_frame_rate': '30/1', 'time_base': '1/15360', 'start_pts': 0, 'start_time': '0.000000', 'duration_ts': 78336, 'duration': '5.100000', 'bit_rate': '25970511', 'bits_per_raw_sample': '8', 'nb_frames': '153', 'extradata_size': 39, 'disposition': {'default': 1, 'dub': 0, 'original': 0, 'comment': 0, 'lyrics': 0, 'karaoke': 0, 'forced': 0, 'hearing_impaired': 0, 'visual_impaired': 0, 'clean_effects': 0, 'attached_pic': 0, 'timed_thumbnails': 0, 'non_diegetic': 0, 'captions': 0, 'descriptions': 0, 'metadata': 0, 'dependent': 0, 'still_image': 0, 'multilayer': 0}, 'tags': {'language': 'und', 'handler_name': 'VideoHandler', 'vendor_id': '[0][0][0][0]', 'encoder': 'Lavc60.31.102 h264_slapi'}}], 'format': {'filename': '/Users/onset/stock_business/ShotPipe/LIG/Professional_Mode_Countless_raindrops_pouring_onto (4).mp4', 'nb_streams': 1, 'nb_programs': 0, 'nb_stream_groups': 0, 'format_name': 'mov,mp4,m4a,3gp,3g2,mj2', 'format_long_name': 'QuickTime / MOV', 'start_time': '0.000000', 'duration': '5.100000', 'size': '16557845', 'bit_rate': '25973090', 'probe_score': 100, 'tags': {'major_brand': 'isom', 'minor_version': '512', 'compatible_brands': 'isomiso2avc1mp41', 'encoder': 'Lavf60.16.100'}}}, 'width': 2016, 'height': 992, 'codec': 'h264', 'frame_rate': 30.0, 'duration': '5.100000', 'video_stream': {'index': 0, 'codec_name': 'h264', 'codec_long_name': 'H.264 / AVC / MPEG-4 AVC / MPEG-4 part 10', 'profile': 'Main', 'codec_type': 'video', 'codec_tag_string': 'avc1', 'codec_tag': '0x31637661', 'width': 2016, 'height': 992, 'coded_width': 2016, 'coded_height': 992, 'closed_captions': 0, 'film_grain': 0, 'has_b_frames': 0, 'pix_fmt': 'yuv420p', 'level': 50, 'chroma_location': 'left', 'field_order': 'progressive', 'refs': 1, 'is_avc': 'true', 'nal_length_size': '4', 'id': '0x1', 'r_frame_rate': '30/1', 'avg_frame_rate': '30/1', 'time_base': '1/15360', 'start_pts': 0, 'start_time': '0.000000', 'duration_ts': 78336, 'duration': '5.100000', 'bit_rate': '25970511', 'bits_per_raw_sample': '8', 'nb_frames': '153', 'extradata_size': 39, 'disposition': {'default': 1, 'dub': 0, 'original': 0, 'comment': 0, 'lyrics': 0, 'karaoke': 0, 'forced': 0, 'hearing_impaired': 0, 'visual_impaired': 0, 'clean_effects': 0, 'attached_pic': 0, 'timed_thumbnails': 0, 'non_diegetic': 0, 'captions': 0, 'descriptions': 0, 'metadata': 0, 'dependent': 0, 'still_image': 0, 'multilayer': 0}, 'tags': {'language': 'und', 'handler_name': 'VideoHandler', 'vendor_id': '[0][0][0][0]', 'encoder': 'Lavc60.31.102 h264_slapi'}}, 'sequence': 'MP4', 'shot': 'c001', 'task': 'imgToVideo'}, 'output_path': '/Users/onset/stock_business/ShotPipe/LIG/processed/s01/c001/s01_c001_imgToVideo_v0002.mp4', 'metadata_path': '/Users/onset/stock_business/ShotPipe/LIG/processed/s01/c001/s01_c001_imgToVideo_v0002.metadata.json', 'task': 'imgToVideo', 'version': 'v0002'}
2025-04-14 20:32:26,764 - shotpipe.file_processor.processor - INFO - Processing file: IMG_Top_02.png
2025-04-14 20:32:26,766 - shotpipe.file_processor.processor - INFO - Processing file: /Users/onset/stock_business/ShotPipe/LIG/IMG_Top_02.png
2025-04-14 20:32:26,766 - shotpipe.file_processor.metadata - DEBUG - Extracting metadata from: /Users/onset/stock_business/ShotPipe/LIG/IMG_Top_02.png
2025-04-14 20:32:26,766 - PIL.PngImagePlugin - DEBUG - STREAM b'IHDR' 16 13
2025-04-14 20:32:26,766 - PIL.PngImagePlugin - DEBUG - STREAM b'sRGB' 41 1
2025-04-14 20:32:26,766 - PIL.PngImagePlugin - DEBUG - STREAM b'gAMA' 54 4
2025-04-14 20:32:26,766 - PIL.PngImagePlugin - DEBUG - STREAM b'pHYs' 70 9
2025-04-14 20:32:26,766 - PIL.PngImagePlugin - DEBUG - STREAM b'IDAT' 91 65445
2025-04-14 20:32:26,821 - shotpipe.file_processor.metadata - DEBUG - PIL metadata extracted for /Users/onset/stock_business/ShotPipe/LIG/IMG_Top_02.png
2025-04-14 20:32:26,822 - shotpipe.file_processor.naming - DEBUG - Next version for s01_c001_txtToImage: v0002
2025-04-14 20:32:26,822 - shotpipe.file_processor.naming - INFO - Applied naming convention: IMG_Top_02.png -> s01_c001_txtToImage_v0002.png
2025-04-14 20:32:26,823 - shotpipe.file_processor.processor - INFO - Copied and renamed file to: /Users/onset/stock_business/ShotPipe/LIG/processed/s01/c001/s01_c001_txtToImage_v0002.png
2025-04-14 20:32:26,823 - shotpipe.file_processor.processor - INFO - 파일 리네이밍: ../stock_business/ShotPipe/LIG/IMG_Top_02.png -> ../stock_business/ShotPipe/LIG/processed/s01/c001/s01_c001_txtToImage_v0002.png
2025-04-14 20:32:26,824 - shotpipe.file_processor.metadata - DEBUG - Metadata saved to: /Users/onset/stock_business/ShotPipe/LIG/processed/s01/c001/s01_c001_txtToImage_v0002.metadata.json
2025-04-14 20:32:26,824 - shotpipe.file_processor.processor - INFO - Metadata saved to /Users/onset/stock_business/ShotPipe/LIG/processed/s01/c001/s01_c001_txtToImage_v0002.metadata.json
2025-04-14 20:32:26,824 - shotpipe.file_processor.processor - DEBUG - Processing completed for IMG_Top_02.png: {'file_name': 'IMG_Top_02.png', 'file_path': '/Users/onset/stock_business/ShotPipe/LIG/IMG_Top_02.png', 'success': True, 'message': '처리 완료', 'sequence': 's01', 'shot': 'c001', 'metadata': {'file_path': '/Users/onset/stock_business/ShotPipe/LIG/IMG_Top_02.png', 'file_name': 'IMG_Top_02.png', 'file_extension': '.png', 'file_size': 1876101, 'modified_time': 1744257483.9512894, 'creation_time': 1744343960.7548976, 'file_type': 'image', 'width': 1641, 'height': 979, 'format': 'PNG', 'mode': 'RGBA', 'sequence': 'LIG', 'shot': 'c001', 'task': 'txtToImage'}, 'output_path': '/Users/onset/stock_business/ShotPipe/LIG/processed/s01/c001/s01_c001_txtToImage_v0002.png', 'metadata_path': '/Users/onset/stock_business/ShotPipe/LIG/processed/s01/c001/s01_c001_txtToImage_v0002.metadata.json', 'task': 'txtToImage', 'version': 'v0002'}
2025-04-14 20:32:26,824 - shotpipe.file_processor.processor - INFO - File processing completed: 4 files processed
2025-04-14 20:32:26,830 - shotpipe.ui.file_tab - INFO - Processing completed: 4/4 files processed successfully
2025-04-14 20:32:26,831 - shotpipe.ui.file_tab - DEBUG - Processed files: [{'file_name': 'Professional_Mode_Countless_raindrops_pouring_onto (1).mp4', 'file_path': '/Users/onset/stock_business/ShotPipe/LIG/Professional_Mode_Countless_raindrops_pouring_onto (1).mp4', 'message': '처리 완료', 'metadata': {'codec': 'h264', 'creation_time': 1744343960.7480187, 'duration': '5.100000', 'ffmpeg': {'format': {'bit_rate': '25973090', 'duration': '5.100000', 'filename': '/Users/onset/stock_business/ShotPipe/LIG/Professional_Mode_Countless_raindrops_pouring_onto (1).mp4', 'format_long_name': 'QuickTime / MOV', 'format_name': 'mov,mp4,m4a,3gp,3g2,mj2', 'nb_programs': 0, 'nb_stream_groups': 0, 'nb_streams': 1, 'probe_score': 100, 'size': '16557845', 'start_time': '0.000000', 'tags': {'compatible_brands': 'isomiso2avc1mp41', 'encoder': 'Lavf60.16.100', 'major_brand': 'isom', 'minor_version': '512'}}, 'streams': [{'avg_frame_rate': '30/1', 'bit_rate': '25970511', 'bits_per_raw_sample': '8', 'chroma_location': 'left', 'closed_captions': 0, 'codec_long_name': 'H.264 / AVC / MPEG-4 AVC / MPEG-4 part 10', 'codec_name': 'h264', 'codec_tag': '0x31637661', 'codec_tag_string': 'avc1', 'codec_type': 'video', 'coded_height': 992, 'coded_width': 2016, 'disposition': {'attached_pic': 0, 'captions': 0, 'clean_effects': 0, 'comment': 0, 'default': 1, 'dependent': 0, 'descriptions': 0, 'dub': 0, 'forced': 0, 'hearing_impaired': 0, 'karaoke': 0, 'lyrics': 0, 'metadata': 0, 'multilayer': 0, 'non_diegetic': 0, 'original': 0, 'still_image': 0, 'timed_thumbnails': 0, 'visual_impaired': 0}, 'duration': '5.100000', 'duration_ts': 78336, 'extradata_size': 39, 'field_order': 'progressive', 'film_grain': 0, 'has_b_frames': 0, 'height': 992, 'id': '0x1', 'index': 0, 'is_avc': 'true', 'level': 50, 'nal_length_size': '4', 'nb_frames': '153', 'pix_fmt': 'yuv420p', 'profile': 'Main', 'r_frame_rate': '30/1', 'refs': 1, 'start_pts': 0, 'start_time': '0.000000', 'tags': {'encoder': 'Lavc60.31.102 h264_slapi', 'handler_name': 'VideoHandler', 'language': 'und', 'vendor_id': '[0][0][0][0]'}, 'time_base': '1/15360', 'width': 2016}]}, 'file_extension': '.mp4', 'file_name': 'Professional_Mode_Countless_raindrops_pouring_onto (1).mp4', 'file_path': '/Users/onset/stock_business/ShotPipe/LIG/Professional_Mode_Countless_raindrops_pouring_onto (1).mp4', 'file_size': 16557845, 'file_type': 'video', 'frame_rate': 30.0, 'height': 992, 'modified_time': 1744254482.2487512, 'sequence': 'MP4', 'shot': 'c001', 'task': 'imgToVideo', 'video_stream': {'avg_frame_rate': '30/1', 'bit_rate': '25970511', 'bits_per_raw_sample': '8', 'chroma_location': 'left', 'closed_captions': 0, 'codec_long_name': 'H.264 / AVC / MPEG-4 AVC / MPEG-4 part 10', 'codec_name': 'h264', 'codec_tag': '0x31637661', 'codec_tag_string': 'avc1', 'codec_type': 'video', 'coded_height': 992, 'coded_width': 2016, 'disposition': {'attached_pic': 0, 'captions': 0, 'clean_effects': 0, 'comment': 0, 'default': 1, 'dependent': 0, 'descriptions': 0, 'dub': 0, 'forced': 0, 'hearing_impaired': 0, 'karaoke': 0, 'lyrics': 0, 'metadata': 0, 'multilayer': 0, 'non_diegetic': 0, 'original': 0, 'still_image': 0, 'timed_thumbnails': 0, 'visual_impaired': 0}, 'duration': '5.100000', 'duration_ts': 78336, 'extradata_size': 39, 'field_order': 'progressive', 'film_grain': 0, 'has_b_frames': 0, 'height': 992, 'id': '0x1', 'index': 0, 'is_avc': 'true', 'level': 50, 'nal_length_size': '4', 'nb_frames': '153', 'pix_fmt': 'yuv420p', 'profile': 'Main', 'r_frame_rate': '30/1', 'refs': 1, 'start_pts': 0, 'start_time': '0.000000', 'tags': {'encoder': 'Lavc60.31.102 h264_slapi', 'handler_name': 'VideoHandler', 'language': 'und', 'vendor_id': '[0][0][0][0]'}, 'time_base': '1/15360', 'width': 2016}, 'width': 2016}, 'metadata_path': '/Users/onset/stock_business/ShotPipe/LIG/processed/s01/c001/s01_c001_imgToVideo_v0001.metadata.json', 'output_path': '/Users/onset/stock_business/ShotPipe/LIG/processed/s01/c001/s01_c001_imgToVideo_v0001.mp4', 'sequence': 's01', 'shot': 'c001', 'success': True, 'task': 'imgToVideo', 'version': 'v0001'}, {'file_name': 'u7166812697_Interior_of_Genesis_GV80_close-up_of_accelerator__a7bfe211-fea2-41bf-8da8-8ee538b6ee37_1.png', 'file_path': '/Users/onset/stock_business/ShotPipe/LIG/u7166812697_Interior_of_Genesis_GV80_close-up_of_accelerator__a7bfe211-fea2-41bf-8da8-8ee538b6ee37_1.png', 'message': '처리 완료', 'metadata': {'creation_time': 1744344126.044897, 'file_extension': '.png', 'file_name': 'u7166812697_Interior_of_Genesis_GV80_close-up_of_accelerator__a7bfe211-fea2-41bf-8da8-8ee538b6ee37_1.png', 'file_path': '/Users/onset/stock_business/ShotPipe/LIG/u7166812697_Interior_of_Genesis_GV80_close-up_of_accelerator__a7bfe211-fea2-41bf-8da8-8ee538b6ee37_1.png', 'file_size': 1505644, 'file_type': 'image', 'format': 'PNG', 'height': 768, 'mode': 'RGB', 'modified_time': 1744344115.1396863, 'sequence': 'U7166812697', 'shot': 'c001', 'task': 'txtToImage', 'width': 1536}, 'metadata_path': '/Users/onset/stock_business/ShotPipe/LIG/processed/s01/c001/s01_c001_txtToImage_v0001.metadata.json', 'output_path': '/Users/onset/stock_business/ShotPipe/LIG/processed/s01/c001/s01_c001_txtToImage_v0001.png', 'sequence': 's01', 'shot': 'c001', 'success': True, 'task': 'txtToImage', 'version': 'v0001'}, {'file_name': 'Professional_Mode_Countless_raindrops_pouring_onto (4).mp4', 'file_path': '/Users/onset/stock_business/ShotPipe/LIG/Professional_Mode_Countless_raindrops_pouring_onto (4).mp4', 'message': '처리 완료', 'metadata': {'codec': 'h264', 'creation_time': 1744343960.7519183, 'duration': '5.100000', 'ffmpeg': {'format': {'bit_rate': '25973090', 'duration': '5.100000', 'filename': '/Users/onset/stock_business/ShotPipe/LIG/Professional_Mode_Countless_raindrops_pouring_onto (4).mp4', 'format_long_name': 'QuickTime / MOV', 'format_name': 'mov,mp4,m4a,3gp,3g2,mj2', 'nb_programs': 0, 'nb_stream_groups': 0, 'nb_streams': 1, 'probe_score': 100, 'size': '16557845', 'start_time': '0.000000', 'tags': {'compatible_brands': 'isomiso2avc1mp41', 'encoder': 'Lavf60.16.100', 'major_brand': 'isom', 'minor_version': '512'}}, 'streams': [{'avg_frame_rate': '30/1', 'bit_rate': '25970511', 'bits_per_raw_sample': '8', 'chroma_location': 'left', 'closed_captions': 0, 'codec_long_name': 'H.264 / AVC / MPEG-4 AVC / MPEG-4 part 10', 'codec_name': 'h264', 'codec_tag': '0x31637661', 'codec_tag_string': 'avc1', 'codec_type': 'video', 'coded_height': 992, 'coded_width': 2016, 'disposition': {'attached_pic': 0, 'captions': 0, 'clean_effects': 0, 'comment': 0, 'default': 1, 'dependent': 0, 'descriptions': 0, 'dub': 0, 'forced': 0, 'hearing_impaired': 0, 'karaoke': 0, 'lyrics': 0, 'metadata': 0, 'multilayer': 0, 'non_diegetic': 0, 'original': 0, 'still_image': 0, 'timed_thumbnails': 0, 'visual_impaired': 0}, 'duration': '5.100000', 'duration_ts': 78336, 'extradata_size': 39, 'field_order': 'progressive', 'film_grain': 0, 'has_b_frames': 0, 'height': 992, 'id': '0x1', 'index': 0, 'is_avc': 'true', 'level': 50, 'nal_length_size': '4', 'nb_frames': '153', 'pix_fmt': 'yuv420p', 'profile': 'Main', 'r_frame_rate': '30/1', 'refs': 1, 'start_pts': 0, 'start_time': '0.000000', 'tags': {'encoder': 'Lavc60.31.102 h264_slapi', 'handler_name': 'VideoHandler', 'language': 'und', 'vendor_id': '[0][0][0][0]'}, 'time_base': '1/15360', 'width': 2016}]}, 'file_extension': '.mp4', 'file_name': 'Professional_Mode_Countless_raindrops_pouring_onto (4).mp4', 'file_path': '/Users/onset/stock_business/ShotPipe/LIG/Professional_Mode_Countless_raindrops_pouring_onto (4).mp4', 'file_size': 16557845, 'file_type': 'video', 'frame_rate': 30.0, 'height': 992, 'modified_time': 1744255983.7054193, 'sequence': 'MP4', 'shot': 'c001', 'task': 'imgToVideo', 'video_stream': {'avg_frame_rate': '30/1', 'bit_rate': '25970511', 'bits_per_raw_sample': '8', 'chroma_location': 'left', 'closed_captions': 0, 'codec_long_name': 'H.264 / AVC / MPEG-4 AVC / MPEG-4 part 10', 'codec_name': 'h264', 'codec_tag': '0x31637661', 'codec_tag_string': 'avc1', 'codec_type': 'video', 'coded_height': 992, 'coded_width': 2016, 'disposition': {'attached_pic': 0, 'captions': 0, 'clean_effects': 0, 'comment': 0, 'default': 1, 'dependent': 0, 'descriptions': 0, 'dub': 0, 'forced': 0, 'hearing_impaired': 0, 'karaoke': 0, 'lyrics': 0, 'metadata': 0, 'multilayer': 0, 'non_diegetic': 0, 'original': 0, 'still_image': 0, 'timed_thumbnails': 0, 'visual_impaired': 0}, 'duration': '5.100000', 'duration_ts': 78336, 'extradata_size': 39, 'field_order': 'progressive', 'film_grain': 0, 'has_b_frames': 0, 'height': 992, 'id': '0x1', 'index': 0, 'is_avc': 'true', 'level': 50, 'nal_length_size': '4', 'nb_frames': '153', 'pix_fmt': 'yuv420p', 'profile': 'Main', 'r_frame_rate': '30/1', 'refs': 1, 'start_pts': 0, 'start_time': '0.000000', 'tags': {'encoder': 'Lavc60.31.102 h264_slapi', 'handler_name': 'VideoHandler', 'language': 'und', 'vendor_id': '[0][0][0][0]'}, 'time_base': '1/15360', 'width': 2016}, 'width': 2016}, 'metadata_path': '/Users/onset/stock_business/ShotPipe/LIG/processed/s01/c001/s01_c001_imgToVideo_v0002.metadata.json', 'output_path': '/Users/onset/stock_business/ShotPipe/LIG/processed/s01/c001/s01_c001_imgToVideo_v0002.mp4', 'sequence': 's01', 'shot': 'c001', 'success': True, 'task': 'imgToVideo', 'version': 'v0002'}, {'file_name': 'IMG_Top_02.png', 'file_path': '/Users/onset/stock_business/ShotPipe/LIG/IMG_Top_02.png', 'message': '처리 완료', 'metadata': {'creation_time': 1744343960.7548976, 'file_extension': '.png', 'file_name': 'IMG_Top_02.png', 'file_path': '/Users/onset/stock_business/ShotPipe/LIG/IMG_Top_02.png', 'file_size': 1876101, 'file_type': 'image', 'format': 'PNG', 'height': 979, 'mode': 'RGBA', 'modified_time': 1744257483.9512894, 'sequence': 'LIG', 'shot': 'c001', 'task': 'txtToImage', 'width': 1641}, 'metadata_path': '/Users/onset/stock_business/ShotPipe/LIG/processed/s01/c001/s01_c001_txtToImage_v0002.metadata.json', 'output_path': '/Users/onset/stock_business/ShotPipe/LIG/processed/s01/c001/s01_c001_txtToImage_v0002.png', 'sequence': 's01', 'shot': 'c001', 'success': True, 'task': 'txtToImage', 'version': 'v0002'}]
2025-04-14 20:32:26,833 - shotpipe.ui.file_tab - DEBUG - Converting file: Professional_Mode_Countless_raindrops_pouring_onto (1).mp4, seq: s01, shot: c001
2025-04-14 20:32:26,836 - shotpipe.ui.file_tab - DEBUG - Converting file: u7166812697_Interior_of_Genesis_GV80_close-up_of_accelerator__a7bfe211-fea2-41bf-8da8-8ee538b6ee37_1.png, seq: s01, shot: c001
2025-04-14 20:32:26,836 - shotpipe.ui.file_tab - DEBUG - Converting file: Professional_Mode_Countless_raindrops_pouring_onto (4).mp4, seq: s01, shot: c001
2025-04-14 20:32:26,836 - shotpipe.ui.file_tab - DEBUG - Converting file: IMG_Top_02.png, seq: s01, shot: c001
2025-04-14 20:32:26,836 - shotpipe.ui.file_tab - INFO - Sending 4 processed files to Shotgrid tab
2025-04-14 20:32:26,836 - shotpipe.ui.file_tab - DEBUG - Converted file: Professional_Mode_Countless_raindrops_pouring_onto (1).mp4, seq: s01, shot: c001
2025-04-14 20:32:26,836 - shotpipe.ui.file_tab - DEBUG - Converted file: u7166812697_Interior_of_Genesis_GV80_close-up_of_accelerator__a7bfe211-fea2-41bf-8da8-8ee538b6ee37_1.png, seq: s01, shot: c001
2025-04-14 20:32:26,836 - shotpipe.ui.file_tab - DEBUG - Converted file: Professional_Mode_Countless_raindrops_pouring_onto (4).mp4, seq: s01, shot: c001
2025-04-14 20:32:26,837 - shotpipe.ui.file_tab - DEBUG - Converted file: IMG_Top_02.png, seq: s01, shot: c001
2025-04-14 20:32:26,837 - shotpipe.ui.shotgrid_tab - INFO - Received 4 processed files from file tab
2025-04-14 20:32:26,837 - shotpipe.ui.shotgrid_tab - INFO - Updating table with 4 files
2025-04-14 20:32:26,837 - shotpipe.ui.shotgrid_tab - INFO - Files table updated successfully
2025-04-14 20:32:37,257 - shotpipe.shotgrid.api_connector - INFO - Connecting with server_url: https://lennon.shotgunstudio.com, script_name: AX_shotPipe
2025-04-14 20:32:38,393 - shotpipe.shotgrid.api_connector - INFO - Connected to Shotgrid server: https://lennon.shotgunstudio.com
2025-04-14 20:32:40,565 - shotpipe.shotgrid.uploader - INFO - Created version: s01_c001_imgToVideo_v0001.mp4
2025-04-14 20:32:40,568 - shotpipe.shotgrid.uploader - INFO - Uploading s01_c001_imgToVideo_v0001.mp4 (16557845 bytes) to Shotgrid as sg_uploaded_movie
2025-04-14 20:32:40,569 - shotpipe.shotgrid.uploader - INFO - Attempt 1 uploading to field 'sg_uploaded_movie'
2025-04-14 20:32:49,642 - shotpipe.shotgrid.uploader - INFO - Upload successful: s01_c001_imgToVideo_v0001.mp4 to field sg_uploaded_movie
2025-04-14 20:32:49,644 - shotpipe.shotgrid.uploader - INFO - Successfully uploaded s01_c001_imgToVideo_v0001.mp4 to Shotgrid
2025-04-14 20:32:51,952 - shotpipe.shotgrid.uploader - INFO - Created version: s01_c001_txtToImage_v0001.png
2025-04-14 20:32:51,953 - shotpipe.shotgrid.uploader - INFO - Uploading s01_c001_txtToImage_v0001.png (1505644 bytes) to Shotgrid as sg_uploaded_movie
2025-04-14 20:32:51,954 - shotpipe.shotgrid.uploader - INFO - Attempt 1 uploading to field 'sg_uploaded_movie'
2025-04-14 20:32:56,472 - shotpipe.shotgrid.uploader - INFO - Upload successful: s01_c001_txtToImage_v0001.png to field sg_uploaded_movie
2025-04-14 20:32:56,474 - shotpipe.shotgrid.uploader - INFO - Successfully uploaded s01_c001_txtToImage_v0001.png to Shotgrid
2025-04-14 20:32:58,891 - shotpipe.shotgrid.uploader - INFO - Created version: s01_c001_imgToVideo_v0002.mp4
2025-04-14 20:32:58,892 - shotpipe.shotgrid.uploader - INFO - Uploading s01_c001_imgToVideo_v0002.mp4 (16557845 bytes) to Shotgrid as sg_uploaded_movie
2025-04-14 20:32:58,892 - shotpipe.shotgrid.uploader - INFO - Attempt 1 uploading to field 'sg_uploaded_movie'
2025-04-14 20:33:07,905 - shotpipe.shotgrid.uploader - INFO - Upload successful: s01_c001_imgToVideo_v0002.mp4 to field sg_uploaded_movie
2025-04-14 20:33:07,906 - shotpipe.shotgrid.uploader - INFO - Successfully uploaded s01_c001_imgToVideo_v0002.mp4 to Shotgrid
2025-04-14 20:33:10,053 - shotpipe.shotgrid.uploader - INFO - Created version: s01_c001_txtToImage_v0002.png
2025-04-14 20:33:10,056 - shotpipe.shotgrid.uploader - INFO - Uploading s01_c001_txtToImage_v0002.png (1876101 bytes) to Shotgrid as sg_uploaded_movie
2025-04-14 20:33:10,056 - shotpipe.shotgrid.uploader - INFO - Attempt 1 uploading to field 'sg_uploaded_movie'
2025-04-14 20:33:14,511 - shotpipe.shotgrid.uploader - INFO - Upload successful: s01_c001_txtToImage_v0002.png to field sg_uploaded_movie
2025-04-14 20:33:14,517 - shotpipe.shotgrid.uploader - INFO - Successfully uploaded s01_c001_txtToImage_v0002.png to Shotgrid
